<html>
<head>
<title>TestNG:  Surefire test</title>
<link href="../testng.css" rel="stylesheet" type="text/css" />
<link href="../my-testng.css" rel="stylesheet" type="text/css" />

<style type="text/css">
.log { display: none;} 
.stack-trace { display: none;} 
</style>
<script type="text/javascript">
<!--
function flip(e) {
  current = e.style.display;
  if (current == 'block') {
    e.style.display = 'none';
    return 0;
  }
  else {
    e.style.display = 'block';
    return 1;
  }
}

function toggleBox(szDivId, elem, msg1, msg2)
{
  var res = -1;  if (document.getElementById) {
    res = flip(document.getElementById(szDivId));
  }
  else if (document.all) {
    // this is the way old msie versions work
    res = flip(document.all[szDivId]);
  }
  if(elem) {
    if(res == 0) elem.innerHTML = msg1; else elem.innerHTML = msg2;
  }

}

function toggleAllBoxes() {
  if (document.getElementsByTagName) {
    d = document.getElementsByTagName('div');
    for (i = 0; i < d.length; i++) {
      if (d[i].className == 'log') {
        flip(d[i]);
      }
    }
  }
}

// -->
</script>

</head>
<body>
<h2 align='center'>Surefire test</h2><table border='1' align="center">
<tr>
<td>Tests passed/Failed/Skipped:</td><td>7/2/0</td>
</tr><tr>
<td>Started on:</td><td>Sat May 03 20:50:28 IST 2025</td>
</tr>
<tr><td>Total time:</td><td>57 seconds (57626 ms)</td>
</tr><tr>
<td>Included groups:</td><td></td>
</tr><tr>
<td>Excluded groups:</td><td></td>
</tr>
</table><p/>
<small><i>(Hover the method name to see the test class name)</i></small><p/>
<table width='100%' border='1' class='invocation-failed'>
<tr><td colspan='4' align='center'><b>FAILED TESTS</b></td></tr>
<tr><td><b>Test method</b></td>
<td><b>Attribute(s)</b></td>
<td width="30%"><b>Exception</b></td>
<td width="10%"><b>Time (seconds)</b></td>
<td><b>Instance</b></td>
</tr>
<tr>
<td title='com.pwj.saucedemo.tests.Orderplaced_tests.ProblemUserOrderTest.testProblemUserOrderFlow()'><b>testProblemUserOrderFlow</b><br>Test class: com.pwj.saucedemo.tests.Orderplaced_tests.ProblemUserOrderTest<br>Test method: Regression test for problem_user to complete an order successfully</td>
<td><div><pre>java.lang.AssertionError: Summary should be visible expected [true] but found [false]
	at com.pwj.saucedemo.tests.Orderplaced_tests.ProblemUserOrderTest.testProblemUserOrderFlow(ProblemUserOrderTest.java:49)
	at java.base/java.util.ArrayList.forEach(ArrayList.java:1597)
... Removed 33 stack frames</pre></div><a href='#' onClick='toggleBox("stack-trace2124978601", this, "Click to show all stack frames", "Click to hide stack frames")'>Click to show all stack frames</a>
<div class='stack-trace' id='stack-trace2124978601'><pre>java.lang.AssertionError: Summary should be visible expected [true] but found [false]
	at org.testng.Assert.fail(Assert.java:111)
	at org.testng.Assert.failNotEquals(Assert.java:1590)
	at org.testng.Assert.assertTrue(Assert.java:57)
	at com.pwj.saucedemo.tests.Orderplaced_tests.ProblemUserOrderTest.testProblemUserOrderFlow(ProblemUserOrderTest.java:49)
	at java.base/jdk.internal.reflect.DirectMethodHandleAccessor.invoke(DirectMethodHandleAccessor.java:103)
	at java.base/java.lang.reflect.Method.invoke(Method.java:580)
	at org.testng.internal.invokers.MethodInvocationHelper.invokeMethod(MethodInvocationHelper.java:141)
	at org.testng.internal.invokers.TestInvoker.invokeMethod(TestInvoker.java:687)
	at org.testng.internal.invokers.TestInvoker.invokeTestMethod(TestInvoker.java:230)
	at org.testng.internal.invokers.MethodRunner.runInSequence(MethodRunner.java:63)
	at org.testng.internal.invokers.TestInvoker$MethodInvocationAgent.invoke(TestInvoker.java:995)
	at org.testng.internal.invokers.TestInvoker.invokeTestMethods(TestInvoker.java:203)
	at org.testng.internal.invokers.TestMethodWorker.invokeTestMethods(TestMethodWorker.java:154)
	at org.testng.internal.invokers.TestMethodWorker.run(TestMethodWorker.java:134)
	at java.base/java.util.ArrayList.forEach(ArrayList.java:1597)
	at org.testng.TestRunner.privateRun(TestRunner.java:741)
	at org.testng.TestRunner.run(TestRunner.java:616)
	at org.testng.SuiteRunner.runTest(SuiteRunner.java:421)
	at org.testng.SuiteRunner.runSequentially(SuiteRunner.java:413)
	at org.testng.SuiteRunner.privateRun(SuiteRunner.java:373)
	at org.testng.SuiteRunner.run(SuiteRunner.java:312)
	at org.testng.SuiteRunnerWorker.runSuite(SuiteRunnerWorker.java:52)
	at org.testng.SuiteRunnerWorker.run(SuiteRunnerWorker.java:95)
	at org.testng.TestNG.runSuitesSequentially(TestNG.java:1274)
	at org.testng.TestNG.runSuitesLocally(TestNG.java:1208)
	at org.testng.TestNG.runSuites(TestNG.java:1112)
	at org.testng.TestNG.run(TestNG.java:1079)
	at org.apache.maven.surefire.testng.TestNGExecutor.run(TestNGExecutor.java:155)
	at org.apache.maven.surefire.testng.TestNGDirectoryTestSuite.executeMulti(TestNGDirectoryTestSuite.java:169)
	at org.apache.maven.surefire.testng.TestNGDirectoryTestSuite.execute(TestNGDirectoryTestSuite.java:88)
	at org.apache.maven.surefire.testng.TestNGProvider.invoke(TestNGProvider.java:137)
	at org.apache.maven.surefire.booter.ForkedBooter.runSuitesInProcess(ForkedBooter.java:385)
	at org.apache.maven.surefire.booter.ForkedBooter.execute(ForkedBooter.java:162)
	at org.apache.maven.surefire.booter.ForkedBooter.run(ForkedBooter.java:507)
	at org.apache.maven.surefire.booter.ForkedBooter.main(ForkedBooter.java:495)
</pre></div></td>
<td>0</td>
<td>com.pwj.saucedemo.tests.Orderplaced_tests.ProblemUserOrderTest@61dd025</td></tr>
<tr>
<td title='com.pwj.saucedemo.tests.Orderplaced_tests.PerformanceGlitchUserOrderTest.testPerformanceGlitchUserOrderFlow()'><b>testPerformanceGlitchUserOrderFlow</b><br>Test class: com.pwj.saucedemo.tests.Orderplaced_tests.PerformanceGlitchUserOrderTest<br>Test method: Regression test for performance_glitch_user with glitch-handling and full order validation</td>
<td><div><pre>com.microsoft.playwright.TimeoutError: Error {
  message=&apos;Timeout 30000ms exceeded.
  name=&apos;TimeoutError
  stack=&apos;TimeoutError: Timeout 30000ms exceeded.
    at ProgressController.run (/private/var/folders/r5/m0v18bws6nq20j1xkhvy8yh80000gn/T/playwright-java-12790374809849998463/package/lib/server/progress.js:75:26)
    at Frame.click (/private/var/folders/r5/m0v18bws6nq20j1xkhvy8yh80000gn/T/playwright-java-12790374809849998463/package/lib/server/frames.js:1022:23)
    at FrameDispatcher.click (/private/var/folders/r5/m0v18bws6nq20j1xkhvy8yh80000gn/T/playwright-java-12790374809849998463/package/lib/server/dispatchers/frameDispatcher.js:157:30)
    at FrameDispatcher._handleCommand (/private/var/folders/r5/m0v18bws6nq20j1xkhvy8yh80000gn/T/playwright-java-12790374809849998463/package/lib/server/dispatchers/dispatcher.js:96:40)
    at DispatcherConnection.dispatch (/private/var/folders/r5/m0v18bws6nq20j1xkhvy8yh80000gn/T/playwright-java-12790374809849998463/package/lib/server/dispatchers/dispatcher.js:366:39)
}
Call log:
-   - waiting for locator(&quot;#login-button&quot;)

	at com.microsoft.playwright.impl.WaitableResult.get(WaitableResult.java:52)
	at com.microsoft.playwright.impl.ChannelOwner.runUntil(ChannelOwner.java:132)
	at com.microsoft.playwright.impl.Connection.sendMessage(Connection.java:130)
	at com.microsoft.playwright.impl.ChannelOwner.sendMessage(ChannelOwner.java:118)
	at com.microsoft.playwright.impl.FrameImpl.clickImpl(FrameImpl.java:252)
	at com.microsoft.playwright.impl.FrameImpl.lambda$click$8(FrameImpl.java:243)
	at com.microsoft.playwright.impl.LoggingSupport.lambda$withLogging$0(LoggingSupport.java:36)
	at com.microsoft.playwright.impl.LoggingSupport.withLogging(LoggingSupport.java:47)
	at com.microsoft.playwright.impl.ChannelOwner.withLogging(ChannelOwner.java:97)
	at com.microsoft.playwright.impl.LoggingSupport.withLogging(LoggingSupport.java:35)
	at com.microsoft.playwright.impl.FrameImpl.click(FrameImpl.java:243)
	at com.microsoft.playwright.impl.LocatorImpl.click(LocatorImpl.java:174)
	at com.microsoft.playwright.Locator.click(Locator.java:2508)
	at com.pwj.saucedemo.pages.SauceDemoHomePage.clickLogin(SauceDemoHomePage.java:55)
	at com.pwj.saucedemo.tests.Orderplaced_tests.PerformanceGlitchUserOrderTest.testPerformanceGlitchUserOrderFlow(PerformanceGlitchUserOrderTest.java:34)
	at java.base/java.util.ArrayList.forEach(ArrayList.java:1597)
Caused by: com.microsoft.playwright.TimeoutError: Error {
  message=&apos;Timeout 30000ms exceeded.
  name=&apos;TimeoutError
  stack=&apos;TimeoutError: Timeout 30000ms exceeded.
    at ProgressController.run (/private/var/folders/r5/m0v18bws6nq20j1xkhvy8yh80000gn/T/playwright-java-12790374809849998463/package/lib/server/progress.js:75:26)
    at Frame.click (/private/var/folders/r5/m0v18bws6nq20j1xkhvy8yh80000gn/T/playwright-java-12790374809849998463/package/lib/server/frames.js:1022:23)
    at FrameDispatcher.click (/private/var/folders/r5/m0v18bws6nq20j1xkhvy8yh80000gn/T/playwright-java-12790374809849998463/package/lib/server/dispatchers/frameDispatcher.js:157:30)
    at FrameDispatcher._handleCommand (/private/var/folders/r5/m0v18bws6nq20j1xkhvy8yh80000gn/T/playwright-java-12790374809849998463/package/lib/server/dispatchers/dispatcher.js:96:40)
    at DispatcherConnection.dispatch (/private/var/folders/r5/m0v18bws6nq20j1xkhvy8yh80000gn/T/playwright-java-12790374809849998463/package/lib/server/dispatchers/dispatcher.js:366:39)
}
Call log:
-   - waiting for locator(&quot;#login-button&quot;)

	at com.microsoft.playwright.impl.Connection.dispatch(Connection.java:254)
	at com.microsoft.playwright.impl.Connection.processOneMessage(Connection.java:211)
	at com.microsoft.playwright.impl.ChannelOwner.runUntil(ChannelOwner.java:130)
	... 44 more
... Removed 30 stack frames</pre></div><a href='#' onClick='toggleBox("stack-trace1935689965", this, "Click to show all stack frames", "Click to hide stack frames")'>Click to show all stack frames</a>
<div class='stack-trace' id='stack-trace1935689965'><pre>com.microsoft.playwright.TimeoutError: Error {
  message=&apos;Timeout 30000ms exceeded.
  name=&apos;TimeoutError
  stack=&apos;TimeoutError: Timeout 30000ms exceeded.
    at ProgressController.run (/private/var/folders/r5/m0v18bws6nq20j1xkhvy8yh80000gn/T/playwright-java-12790374809849998463/package/lib/server/progress.js:75:26)
    at Frame.click (/private/var/folders/r5/m0v18bws6nq20j1xkhvy8yh80000gn/T/playwright-java-12790374809849998463/package/lib/server/frames.js:1022:23)
    at FrameDispatcher.click (/private/var/folders/r5/m0v18bws6nq20j1xkhvy8yh80000gn/T/playwright-java-12790374809849998463/package/lib/server/dispatchers/frameDispatcher.js:157:30)
    at FrameDispatcher._handleCommand (/private/var/folders/r5/m0v18bws6nq20j1xkhvy8yh80000gn/T/playwright-java-12790374809849998463/package/lib/server/dispatchers/dispatcher.js:96:40)
    at DispatcherConnection.dispatch (/private/var/folders/r5/m0v18bws6nq20j1xkhvy8yh80000gn/T/playwright-java-12790374809849998463/package/lib/server/dispatchers/dispatcher.js:366:39)
}
Call log:
-   - waiting for locator(&quot;#login-button&quot;)

	at com.microsoft.playwright.impl.WaitableResult.get(WaitableResult.java:52)
	at com.microsoft.playwright.impl.ChannelOwner.runUntil(ChannelOwner.java:132)
	at com.microsoft.playwright.impl.Connection.sendMessage(Connection.java:130)
	at com.microsoft.playwright.impl.ChannelOwner.sendMessage(ChannelOwner.java:118)
	at com.microsoft.playwright.impl.FrameImpl.clickImpl(FrameImpl.java:252)
	at com.microsoft.playwright.impl.FrameImpl.lambda$click$8(FrameImpl.java:243)
	at com.microsoft.playwright.impl.LoggingSupport.lambda$withLogging$0(LoggingSupport.java:36)
	at com.microsoft.playwright.impl.LoggingSupport.withLogging(LoggingSupport.java:47)
	at com.microsoft.playwright.impl.ChannelOwner.withLogging(ChannelOwner.java:97)
	at com.microsoft.playwright.impl.LoggingSupport.withLogging(LoggingSupport.java:35)
	at com.microsoft.playwright.impl.FrameImpl.click(FrameImpl.java:243)
	at com.microsoft.playwright.impl.LocatorImpl.click(LocatorImpl.java:174)
	at com.microsoft.playwright.Locator.click(Locator.java:2508)
	at com.pwj.saucedemo.pages.SauceDemoHomePage.clickLogin(SauceDemoHomePage.java:55)
	at com.pwj.saucedemo.tests.Orderplaced_tests.PerformanceGlitchUserOrderTest.testPerformanceGlitchUserOrderFlow(PerformanceGlitchUserOrderTest.java:34)
	at java.base/jdk.internal.reflect.DirectMethodHandleAccessor.invoke(DirectMethodHandleAccessor.java:103)
	at java.base/java.lang.reflect.Method.invoke(Method.java:580)
	at org.testng.internal.invokers.MethodInvocationHelper.invokeMethod(MethodInvocationHelper.java:141)
	at org.testng.internal.invokers.TestInvoker.invokeMethod(TestInvoker.java:687)
	at org.testng.internal.invokers.TestInvoker.invokeTestMethod(TestInvoker.java:230)
	at org.testng.internal.invokers.MethodRunner.runInSequence(MethodRunner.java:63)
	at org.testng.internal.invokers.TestInvoker$MethodInvocationAgent.invoke(TestInvoker.java:995)
	at org.testng.internal.invokers.TestInvoker.invokeTestMethods(TestInvoker.java:203)
	at org.testng.internal.invokers.TestMethodWorker.invokeTestMethods(TestMethodWorker.java:154)
	at org.testng.internal.invokers.TestMethodWorker.run(TestMethodWorker.java:134)
	at java.base/java.util.ArrayList.forEach(ArrayList.java:1597)
	at org.testng.TestRunner.privateRun(TestRunner.java:741)
	at org.testng.TestRunner.run(TestRunner.java:616)
	at org.testng.SuiteRunner.runTest(SuiteRunner.java:421)
	at org.testng.SuiteRunner.runSequentially(SuiteRunner.java:413)
	at org.testng.SuiteRunner.privateRun(SuiteRunner.java:373)
	at org.testng.SuiteRunner.run(SuiteRunner.java:312)
	at org.testng.SuiteRunnerWorker.runSuite(SuiteRunnerWorker.java:52)
	at org.testng.SuiteRunnerWorker.run(SuiteRunnerWorker.java:95)
	at org.testng.TestNG.runSuitesSequentially(TestNG.java:1274)
	at org.testng.TestNG.runSuitesLocally(TestNG.java:1208)
	at org.testng.TestNG.runSuites(TestNG.java:1112)
	at org.testng.TestNG.run(TestNG.java:1079)
	at org.apache.maven.surefire.testng.TestNGExecutor.run(TestNGExecutor.java:155)
	at org.apache.maven.surefire.testng.TestNGDirectoryTestSuite.executeMulti(TestNGDirectoryTestSuite.java:169)
	at org.apache.maven.surefire.testng.TestNGDirectoryTestSuite.execute(TestNGDirectoryTestSuite.java:88)
	at org.apache.maven.surefire.testng.TestNGProvider.invoke(TestNGProvider.java:137)
	at org.apache.maven.surefire.booter.ForkedBooter.runSuitesInProcess(ForkedBooter.java:385)
	at org.apache.maven.surefire.booter.ForkedBooter.execute(ForkedBooter.java:162)
	at org.apache.maven.surefire.booter.ForkedBooter.run(ForkedBooter.java:507)
	at org.apache.maven.surefire.booter.ForkedBooter.main(ForkedBooter.java:495)
Caused by: com.microsoft.playwright.TimeoutError: Error {
  message=&apos;Timeout 30000ms exceeded.
  name=&apos;TimeoutError
  stack=&apos;TimeoutError: Timeout 30000ms exceeded.
    at ProgressController.run (/private/var/folders/r5/m0v18bws6nq20j1xkhvy8yh80000gn/T/playwright-java-12790374809849998463/package/lib/server/progress.js:75:26)
    at Frame.click (/private/var/folders/r5/m0v18bws6nq20j1xkhvy8yh80000gn/T/playwright-java-12790374809849998463/package/lib/server/frames.js:1022:23)
    at FrameDispatcher.click (/private/var/folders/r5/m0v18bws6nq20j1xkhvy8yh80000gn/T/playwright-java-12790374809849998463/package/lib/server/dispatchers/frameDispatcher.js:157:30)
    at FrameDispatcher._handleCommand (/private/var/folders/r5/m0v18bws6nq20j1xkhvy8yh80000gn/T/playwright-java-12790374809849998463/package/lib/server/dispatchers/dispatcher.js:96:40)
    at DispatcherConnection.dispatch (/private/var/folders/r5/m0v18bws6nq20j1xkhvy8yh80000gn/T/playwright-java-12790374809849998463/package/lib/server/dispatchers/dispatcher.js:366:39)
}
Call log:
-   - waiting for locator(&quot;#login-button&quot;)

	at com.microsoft.playwright.impl.Connection.dispatch(Connection.java:254)
	at com.microsoft.playwright.impl.Connection.processOneMessage(Connection.java:211)
	at com.microsoft.playwright.impl.ChannelOwner.runUntil(ChannelOwner.java:130)
	... 44 more
</pre></div></td>
<td>38</td>
<td>com.pwj.saucedemo.tests.Orderplaced_tests.PerformanceGlitchUserOrderTest@2f177a4b</td></tr>
</table><p>
<table width='100%' border='1' class='invocation-passed'>
<tr><td colspan='4' align='center'><b>PASSED TESTS</b></td></tr>
<tr><td><b>Test method</b></td>
<td><b>Attribute(s)</b></td>
<td width="30%"><b>Exception</b></td>
<td width="10%"><b>Time (seconds)</b></td>
<td><b>Instance</b></td>
</tr>
<tr>
<td title='com.pwj.saucedemo.tests.AddToCartTest.testAddFirstProductToCart()'><b>testAddFirstProductToCart</b><br>Test class: com.pwj.saucedemo.tests.AddToCartTest</td>
<td></td>
<td>0</td>
<td>com.pwj.saucedemo.tests.AddToCartTest@29176cc1</td></tr>
<tr>
<td title='com.pwj.saucedemo.tests.SauceDemoInvalidLoginTest.testInvalidLoginShowsErrorMessage()'><b>testInvalidLoginShowsErrorMessage</b><br>Test class: com.pwj.saucedemo.tests.SauceDemoInvalidLoginTest</td>
<td></td>
<td>0</td>
<td>com.pwj.saucedemo.tests.SauceDemoInvalidLoginTest@124c278f</td></tr>
<tr>
<td title='com.pwj.saucedemo.tests.Orderplaced_tests.VisualUserOrderTest.testVisualUserOrderFlow()'><b>testVisualUserOrderFlow</b><br>Test class: com.pwj.saucedemo.tests.Orderplaced_tests.VisualUserOrderTest<br>Test method: Regression test for visual_user to complete an order successfully</td>
<td></td>
<td>0</td>
<td>com.pwj.saucedemo.tests.Orderplaced_tests.VisualUserOrderTest@4278a03f</td></tr>
<tr>
<td title='com.pwj.saucedemo.tests.Orderplaced_tests.StandardUserOrderTest.testStandardUserOrderFlow()'><b>testStandardUserOrderFlow</b><br>Test class: com.pwj.saucedemo.tests.Orderplaced_tests.StandardUserOrderTest<br>Test method: Regression test for standard_user to place a full order successfully</td>
<td></td>
<td>0</td>
<td>com.pwj.saucedemo.tests.Orderplaced_tests.StandardUserOrderTest@147ed70f</td></tr>
<tr>
<td title='com.pwj.saucedemo.tests.CheckoutFlowTest.testCancelFromOverviewStep()'><b>testCancelFromOverviewStep</b><br>Test class: com.pwj.saucedemo.tests.CheckoutFlowTest<br>Test method: Cancel from overview page should return to inventory</td>
<td></td>
<td>0</td>
<td>com.pwj.saucedemo.tests.CheckoutFlowTest@8909f18</td></tr>
<tr>
<td title='com.pwj.saucedemo.tests.CheckoutFlowTest.testCancelFromStepOne()'><b>testCancelFromStepOne</b><br>Test class: com.pwj.saucedemo.tests.CheckoutFlowTest<br>Test method: Cancel from Step One should return to cart page</td>
<td></td>
<td>0</td>
<td>com.pwj.saucedemo.tests.CheckoutFlowTest@8909f18</td></tr>
<tr>
<td title='com.pwj.saucedemo.tests.CheckoutFlowTest.testFullCheckoutFlow()'><b>testFullCheckoutFlow</b><br>Test class: com.pwj.saucedemo.tests.CheckoutFlowTest<br>Test method: Complete checkout from cart to order confirmation</td>
<td></td>
<td>0</td>
<td>com.pwj.saucedemo.tests.CheckoutFlowTest@8909f18</td></tr>
</table><p>
</body>
</html>