<?xml version="1.0" encoding="UTF-8"?>
<!-- Generated by org.testng.reporters.JUnitXMLReporter -->
<testsuite ignored="0" hostname="Siddharthas-MacBook-Air.local" failures="1" tests="2" name="Order Placement Tests" time="4.1" errors="0" timestamp="2025-05-07T02:29:05 IST">
  <testcase classname="com.pwj.saucedemo.tests.Orderplaced_tests.StandardUserOrderTest" name="testStandardUserOrderFlow" time="0.262">
    <failure type="java.lang.AssertionError" message="Sauce Labs Backpack expected:&amp;lt;Sauce Labs Backpack&amp;gt; but was:&amp;lt;Correct product added&amp;gt;">
      <![CDATA[java.lang.AssertionError: Sauce Labs Backpack expected:<Sauce Labs Backpack> but was:<Correct product added>
at com.pwj.saucedemo.tests.Orderplaced_tests.StandardUserOrderTest.testStandardUserOrderFlow(StandardUserOrderTest.java:38)
at java.base/java.util.ArrayList.forEach(ArrayList.java:1597)
... Removed 26 stack frames]]>
    </failure>
  </testcase> <!-- testStandardUserOrderFlow -->
  <testcase classname="com.pwj.saucedemo.tests.Orderplaced_tests.VisualUserOrderTest" name="testVisualUserOrderFlow" time="0.622"/>
</testsuite> <!-- Order Placement Tests -->
