<?xml version="1.0" encoding="UTF-8"?>
<testsuite xmlns:xsi="http://www.w3.org/2001/XMLSchema-instance" xsi:noNamespaceSchemaLocation="https://maven.apache.org/surefire/maven-surefire-plugin/xsd/surefire-test-report-3.0.xsd" version="3.0" name="TestSuite" time="57.826" tests="9" errors="0" skipped="0" failures="2">
  <properties>
    <property name="java.specification.version" value="23"/>
    <property name="sun.jnu.encoding" value="UTF-8"/>
    <property name="java.class.path" value="/Users/siddharthaupadhyay/PlaywrightSidpng-workspace/com.pwj.saucedemo/target/test-classes:/Users/siddharthaupadhyay/PlaywrightSidpng-workspace/com.pwj.saucedemo/target/classes:/Users/siddharthaupadhyay/.m2/repository/com/microsoft/playwright/playwright/1.51.0/playwright-1.51.0.jar:/Users/siddharthaupadhyay/.m2/repository/com/google/code/gson/gson/2.12.1/gson-2.12.1.jar:/Users/siddharthaupadhyay/.m2/repository/com/google/errorprone/error_prone_annotations/2.36.0/error_prone_annotations-2.36.0.jar:/Users/siddharthaupadhyay/.m2/repository/org/opentest4j/opentest4j/1.3.0/opentest4j-1.3.0.jar:/Users/siddharthaupadhyay/.m2/repository/com/microsoft/playwright/driver/1.51.0/driver-1.51.0.jar:/Users/siddharthaupadhyay/.m2/repository/com/microsoft/playwright/driver-bundle/1.51.0/driver-bundle-1.51.0.jar:/Users/siddharthaupadhyay/.m2/repository/org/testng/testng/7.11.0/testng-7.11.0.jar:/Users/siddharthaupadhyay/.m2/repository/org/slf4j/slf4j-api/2.0.16/slf4j-api-2.0.16.jar:/Users/siddharthaupadhyay/.m2/repository/org/jcommander/jcommander/1.83/jcommander-1.83.jar:/Users/siddharthaupadhyay/.m2/repository/org/webjars/jquery/3.7.1/jquery-3.7.1.jar:/Users/siddharthaupadhyay/.m2/repository/org/apache/logging/log4j/log4j-core/2.22.1/log4j-core-2.22.1.jar:/Users/siddharthaupadhyay/.m2/repository/org/apache/logging/log4j/log4j-api/2.22.1/log4j-api-2.22.1.jar:/Users/siddharthaupadhyay/.m2/repository/com/aventstack/extentreports/5.1.1/extentreports-5.1.1.jar:/Users/siddharthaupadhyay/.m2/repository/io/reactivex/rxjava3/rxjava/3.1.6/rxjava-3.1.6.jar:/Users/siddharthaupadhyay/.m2/repository/org/reactivestreams/reactive-streams/1.0.4/reactive-streams-1.0.4.jar:/Users/siddharthaupadhyay/.m2/repository/org/freemarker/freemarker/2.3.32/freemarker-2.3.32.jar:/Users/siddharthaupadhyay/.m2/repository/org/projectlombok/lombok/1.18.26/lombok-1.18.26.jar:"/>
    <property name="java.vm.vendor" value="Eclipse Adoptium"/>
    <property name="sun.arch.data.model" value="64"/>
    <property name="java.vendor.url" value="https://adoptium.net/"/>
    <property name="user.timezone" value="Asia/Kolkata"/>
    <property name="os.name" value="Mac OS X"/>
    <property name="java.vm.specification.version" value="23"/>
    <property name="sun.java.launcher" value="SUN_STANDARD"/>
    <property name="user.country" value="GB"/>
    <property name="sun.boot.library.path" value="/Users/siddharthaupadhyay/.p2/pool/plugins/org.eclipse.justj.openjdk.hotspot.jre.full.macosx.aarch64_23.0.2.v20250131-0604/jre/lib"/>
    <property name="sun.java.command" value="/Users/siddharthaupadhyay/PlaywrightSidpng-workspace/com.pwj.saucedemo/target/surefire/surefirebooter-20250503205028706_3.jar /Users/siddharthaupadhyay/PlaywrightSidpng-workspace/com.pwj.saucedemo/target/surefire 2025-05-03T20-50-28_666-jvmRun1 surefire-20250503205028706_1tmp surefire_0-20250503205028706_2tmp"/>
    <property name="http.nonProxyHosts" value="local|*.local|169.254/16|*.169.254/16"/>
    <property name="jdk.debug" value="release"/>
    <property name="surefire.test.class.path" value="/Users/siddharthaupadhyay/PlaywrightSidpng-workspace/com.pwj.saucedemo/target/test-classes:/Users/siddharthaupadhyay/PlaywrightSidpng-workspace/com.pwj.saucedemo/target/classes:/Users/siddharthaupadhyay/.m2/repository/com/microsoft/playwright/playwright/1.51.0/playwright-1.51.0.jar:/Users/siddharthaupadhyay/.m2/repository/com/google/code/gson/gson/2.12.1/gson-2.12.1.jar:/Users/siddharthaupadhyay/.m2/repository/com/google/errorprone/error_prone_annotations/2.36.0/error_prone_annotations-2.36.0.jar:/Users/siddharthaupadhyay/.m2/repository/org/opentest4j/opentest4j/1.3.0/opentest4j-1.3.0.jar:/Users/siddharthaupadhyay/.m2/repository/com/microsoft/playwright/driver/1.51.0/driver-1.51.0.jar:/Users/siddharthaupadhyay/.m2/repository/com/microsoft/playwright/driver-bundle/1.51.0/driver-bundle-1.51.0.jar:/Users/siddharthaupadhyay/.m2/repository/org/testng/testng/7.11.0/testng-7.11.0.jar:/Users/siddharthaupadhyay/.m2/repository/org/slf4j/slf4j-api/2.0.16/slf4j-api-2.0.16.jar:/Users/siddharthaupadhyay/.m2/repository/org/jcommander/jcommander/1.83/jcommander-1.83.jar:/Users/siddharthaupadhyay/.m2/repository/org/webjars/jquery/3.7.1/jquery-3.7.1.jar:/Users/siddharthaupadhyay/.m2/repository/org/apache/logging/log4j/log4j-core/2.22.1/log4j-core-2.22.1.jar:/Users/siddharthaupadhyay/.m2/repository/org/apache/logging/log4j/log4j-api/2.22.1/log4j-api-2.22.1.jar:/Users/siddharthaupadhyay/.m2/repository/com/aventstack/extentreports/5.1.1/extentreports-5.1.1.jar:/Users/siddharthaupadhyay/.m2/repository/io/reactivex/rxjava3/rxjava/3.1.6/rxjava-3.1.6.jar:/Users/siddharthaupadhyay/.m2/repository/org/reactivestreams/reactive-streams/1.0.4/reactive-streams-1.0.4.jar:/Users/siddharthaupadhyay/.m2/repository/org/freemarker/freemarker/2.3.32/freemarker-2.3.32.jar:/Users/siddharthaupadhyay/.m2/repository/org/projectlombok/lombok/1.18.26/lombok-1.18.26.jar:"/>
    <property name="sun.cpu.endian" value="little"/>
    <property name="user.home" value="/Users/siddharthaupadhyay"/>
    <property name="user.language" value="en"/>
    <property name="java.specification.vendor" value="Oracle Corporation"/>
    <property name="java.version.date" value="2025-01-21"/>
    <property name="java.home" value="/Users/siddharthaupadhyay/.p2/pool/plugins/org.eclipse.justj.openjdk.hotspot.jre.full.macosx.aarch64_23.0.2.v20250131-0604/jre"/>
    <property name="file.separator" value="/"/>
    <property name="basedir" value="/Users/siddharthaupadhyay/PlaywrightSidpng-workspace/com.pwj.saucedemo"/>
    <property name="style.color" value="always"/>
    <property name="java.vm.compressedOopsMode" value="Zero based"/>
    <property name="line.separator" value="&#10;"/>
    <property name="java.vm.specification.vendor" value="Oracle Corporation"/>
    <property name="java.specification.name" value="Java Platform API Specification"/>
    <property name="apple.awt.application.name" value="ForkedBooter"/>
    <property name="surefire.real.class.path" value="/Users/siddharthaupadhyay/PlaywrightSidpng-workspace/com.pwj.saucedemo/target/surefire/surefirebooter-20250503205028706_3.jar"/>
    <property name="sun.management.compiler" value="HotSpot 64-Bit Tiered Compilers"/>
    <property name="ftp.nonProxyHosts" value="local|*.local|169.254/16|*.169.254/16"/>
    <property name="java.runtime.version" value="23.0.2+7"/>
    <property name="user.name" value="siddharthaupadhyay"/>
    <property name="stdout.encoding" value="UTF-8"/>
    <property name="path.separator" value=":"/>
    <property name="os.version" value="15.4.1"/>
    <property name="java.runtime.name" value="OpenJDK Runtime Environment"/>
    <property name="file.encoding" value="UTF-8"/>
    <property name="java.vm.name" value="OpenJDK 64-Bit Server VM"/>
    <property name="java.vendor.version" value="Temurin-23.0.2+7"/>
    <property name="localRepository" value="/Users/siddharthaupadhyay/.m2/repository"/>
    <property name="java.vendor.url.bug" value="https://github.com/adoptium/adoptium-support/issues"/>
    <property name="java.io.tmpdir" value="/var/folders/r5/m0v18bws6nq20j1xkhvy8yh80000gn/T/"/>
    <property name="java.version" value="23.0.2"/>
    <property name="user.dir" value="/Users/siddharthaupadhyay/PlaywrightSidpng-workspace/com.pwj.saucedemo"/>
    <property name="os.arch" value="aarch64"/>
    <property name="java.vm.specification.name" value="Java Virtual Machine Specification"/>
    <property name="native.encoding" value="UTF-8"/>
    <property name="java.library.path" value="/Users/siddharthaupadhyay/Library/Java/Extensions:/Library/Java/Extensions:/Network/Library/Java/Extensions:/System/Library/Java/Extensions:/usr/lib/java:."/>
    <property name="java.vm.info" value="mixed mode, sharing"/>
    <property name="stderr.encoding" value="UTF-8"/>
    <property name="java.vendor" value="Eclipse Adoptium"/>
    <property name="java.vm.version" value="23.0.2+7"/>
    <property name="sun.io.unicode.encoding" value="UnicodeBig"/>
    <property name="socksNonProxyHosts" value="local|*.local|169.254/16|*.169.254/16"/>
    <property name="java.class.version" value="67.0"/>
  </properties>
  <testcase name="testCancelFromOverviewStep" classname="com.pwj.saucedemo.tests.CheckoutFlowTest" time="0.373">
    <system-out><![CDATA[20:50:29 [main] INFO  com.pwj.saucedemo.tests.CheckoutFlowTest - === Starting Test: CheckoutFlowTest ===
20:50:32 [main] INFO  com.pwj.saucedemo.tests.CheckoutFlowTest - Navigated to SauceDemo homepage.
]]></system-out>
    <system-err><![CDATA[SLF4J(W): No SLF4J providers were found.
SLF4J(W): Defaulting to no-operation (NOP) logger implementation
SLF4J(W): See https://www.slf4j.org/codes.html#noProviders for further details.
]]></system-err>
  </testcase>
  <testcase name="testCancelFromStepOne" classname="com.pwj.saucedemo.tests.CheckoutFlowTest" time="0.273">
    <system-out><![CDATA[Screenshot saved: test-output/screenshots/testCancelFromOverviewStep_PASSED_20250503_205033.png
20:50:33 [main] INFO  com.pwj.saucedemo.tests.CheckoutFlowTest - Closing browser and Playwright context...
20:50:33 [main] INFO  com.pwj.saucedemo.tests.CheckoutFlowTest - === Finished Test: CheckoutFlowTest ===

20:50:33 [main] INFO  com.pwj.saucedemo.tests.CheckoutFlowTest - === Starting Test: CheckoutFlowTest ===
20:50:34 [main] INFO  com.pwj.saucedemo.tests.CheckoutFlowTest - Navigated to SauceDemo homepage.
]]></system-out>
  </testcase>
  <testcase name="testFullCheckoutFlow" classname="com.pwj.saucedemo.tests.CheckoutFlowTest" time="0.392">
    <system-out><![CDATA[Screenshot saved: test-output/screenshots/testCancelFromStepOne_PASSED_20250503_205035.png
20:50:35 [main] INFO  com.pwj.saucedemo.tests.CheckoutFlowTest - Closing browser and Playwright context...
20:50:35 [main] INFO  com.pwj.saucedemo.tests.CheckoutFlowTest - === Finished Test: CheckoutFlowTest ===

20:50:35 [main] INFO  com.pwj.saucedemo.tests.CheckoutFlowTest - === Starting Test: CheckoutFlowTest ===
20:50:37 [main] INFO  com.pwj.saucedemo.tests.CheckoutFlowTest - Navigated to SauceDemo homepage.
]]></system-out>
  </testcase>
  <testcase name="testAddFirstProductToCart" classname="com.pwj.saucedemo.tests.AddToCartTest" time="0.164">
    <system-out><![CDATA[Screenshot saved: test-output/screenshots/testFullCheckoutFlow_PASSED_20250503_205038.png
20:50:38 [main] INFO  com.pwj.saucedemo.tests.CheckoutFlowTest - Closing browser and Playwright context...
20:50:38 [main] INFO  com.pwj.saucedemo.tests.CheckoutFlowTest - === Finished Test: CheckoutFlowTest ===

20:50:38 [main] INFO  com.pwj.saucedemo.tests.AddToCartTest - === Starting Test: AddToCartTest ===
20:50:39 [main] INFO  com.pwj.saucedemo.tests.AddToCartTest - Navigated to SauceDemo homepage.
20:50:39 [main] INFO  com.pwj.saucedemo.tests.AddToCartTest - Logging into SauceDemo website with standard user credentials
20:50:39 [main] INFO  com.pwj.saucedemo.tests.AddToCartTest - Added product to cart
20:50:39 [main] INFO  com.pwj.saucedemo.tests.AddToCartTest - Navigating to cart
20:50:39 [main] INFO  com.pwj.saucedemo.tests.AddToCartTest - Checking if one item has been added to the cart.
]]></system-out>
  </testcase>
  <testcase name="testPerformanceGlitchUserOrderFlow" classname="com.pwj.saucedemo.tests.Orderplaced_tests.PerformanceGlitchUserOrderTest" time="38.099">
    <failure message="Error {&#10;  message=&apos;Timeout 30000ms exceeded.&#10;  name=&apos;TimeoutError&#10;  stack=&apos;TimeoutError: Timeout 30000ms exceeded.&#10;    at ProgressController.run (/private/var/folders/r5/m0v18bws6nq20j1xkhvy8yh80000gn/T/playwright-java-12790374809849998463/package/lib/server/progress.js:75:26)&#10;    at Frame.click (/private/var/folders/r5/m0v18bws6nq20j1xkhvy8yh80000gn/T/playwright-java-12790374809849998463/package/lib/server/frames.js:1022:23)&#10;    at FrameDispatcher.click (/private/var/folders/r5/m0v18bws6nq20j1xkhvy8yh80000gn/T/playwright-java-12790374809849998463/package/lib/server/dispatchers/frameDispatcher.js:157:30)&#10;    at FrameDispatcher._handleCommand (/private/var/folders/r5/m0v18bws6nq20j1xkhvy8yh80000gn/T/playwright-java-12790374809849998463/package/lib/server/dispatchers/dispatcher.js:96:40)&#10;    at DispatcherConnection.dispatch (/private/var/folders/r5/m0v18bws6nq20j1xkhvy8yh80000gn/T/playwright-java-12790374809849998463/package/lib/server/dispatchers/dispatcher.js:366:39)&#10;}&#10;Call log:&#10;-   - waiting for locator(&quot;#login-button&quot;)&#10;" type="com.microsoft.playwright.TimeoutError"><![CDATA[com.microsoft.playwright.TimeoutError: 
Error {
  message='Timeout 30000ms exceeded.
  name='TimeoutError
  stack='TimeoutError: Timeout 30000ms exceeded.
    at ProgressController.run (/private/var/folders/r5/m0v18bws6nq20j1xkhvy8yh80000gn/T/playwright-java-12790374809849998463/package/lib/server/progress.js:75:26)
    at Frame.click (/private/var/folders/r5/m0v18bws6nq20j1xkhvy8yh80000gn/T/playwright-java-12790374809849998463/package/lib/server/frames.js:1022:23)
    at FrameDispatcher.click (/private/var/folders/r5/m0v18bws6nq20j1xkhvy8yh80000gn/T/playwright-java-12790374809849998463/package/lib/server/dispatchers/frameDispatcher.js:157:30)
    at FrameDispatcher._handleCommand (/private/var/folders/r5/m0v18bws6nq20j1xkhvy8yh80000gn/T/playwright-java-12790374809849998463/package/lib/server/dispatchers/dispatcher.js:96:40)
    at DispatcherConnection.dispatch (/private/var/folders/r5/m0v18bws6nq20j1xkhvy8yh80000gn/T/playwright-java-12790374809849998463/package/lib/server/dispatchers/dispatcher.js:366:39)
}
Call log:
-   - waiting for locator("#login-button")

	at com.microsoft.playwright.impl.WaitableResult.get(WaitableResult.java:52)
	at com.microsoft.playwright.impl.ChannelOwner.runUntil(ChannelOwner.java:132)
	at com.microsoft.playwright.impl.Connection.sendMessage(Connection.java:130)
	at com.microsoft.playwright.impl.ChannelOwner.sendMessage(ChannelOwner.java:118)
	at com.microsoft.playwright.impl.FrameImpl.clickImpl(FrameImpl.java:252)
	at com.microsoft.playwright.impl.FrameImpl.lambda$click$8(FrameImpl.java:243)
	at com.microsoft.playwright.impl.LoggingSupport.lambda$withLogging$0(LoggingSupport.java:36)
	at com.microsoft.playwright.impl.LoggingSupport.withLogging(LoggingSupport.java:47)
	at com.microsoft.playwright.impl.ChannelOwner.withLogging(ChannelOwner.java:97)
	at com.microsoft.playwright.impl.LoggingSupport.withLogging(LoggingSupport.java:35)
	at com.microsoft.playwright.impl.FrameImpl.click(FrameImpl.java:243)
	at com.microsoft.playwright.impl.LocatorImpl.click(LocatorImpl.java:174)
	at com.microsoft.playwright.Locator.click(Locator.java:2508)
	at com.pwj.saucedemo.pages.SauceDemoHomePage.clickLogin(SauceDemoHomePage.java:55)
	at com.pwj.saucedemo.tests.Orderplaced_tests.PerformanceGlitchUserOrderTest.testPerformanceGlitchUserOrderFlow(PerformanceGlitchUserOrderTest.java:34)
	at java.base/jdk.internal.reflect.DirectMethodHandleAccessor.invoke(DirectMethodHandleAccessor.java:103)
	at java.base/java.lang.reflect.Method.invoke(Method.java:580)
	at org.testng.internal.invokers.MethodInvocationHelper.invokeMethod(MethodInvocationHelper.java:141)
	at org.testng.internal.invokers.TestInvoker.invokeMethod(TestInvoker.java:687)
	at org.testng.internal.invokers.TestInvoker.invokeTestMethod(TestInvoker.java:230)
	at org.testng.internal.invokers.MethodRunner.runInSequence(MethodRunner.java:63)
	at org.testng.internal.invokers.TestInvoker$MethodInvocationAgent.invoke(TestInvoker.java:995)
	at org.testng.internal.invokers.TestInvoker.invokeTestMethods(TestInvoker.java:203)
	at org.testng.internal.invokers.TestMethodWorker.invokeTestMethods(TestMethodWorker.java:154)
	at org.testng.internal.invokers.TestMethodWorker.run(TestMethodWorker.java:134)
	at java.base/java.util.ArrayList.forEach(ArrayList.java:1597)
	at org.testng.TestRunner.privateRun(TestRunner.java:741)
	at org.testng.TestRunner.run(TestRunner.java:616)
	at org.testng.SuiteRunner.runTest(SuiteRunner.java:421)
	at org.testng.SuiteRunner.runSequentially(SuiteRunner.java:413)
	at org.testng.SuiteRunner.privateRun(SuiteRunner.java:373)
	at org.testng.SuiteRunner.run(SuiteRunner.java:312)
	at org.testng.SuiteRunnerWorker.runSuite(SuiteRunnerWorker.java:52)
	at org.testng.SuiteRunnerWorker.run(SuiteRunnerWorker.java:95)
	at org.testng.TestNG.runSuitesSequentially(TestNG.java:1274)
	at org.testng.TestNG.runSuitesLocally(TestNG.java:1208)
	at org.testng.TestNG.runSuites(TestNG.java:1112)
	at org.testng.TestNG.run(TestNG.java:1079)
	at org.apache.maven.surefire.testng.TestNGExecutor.run(TestNGExecutor.java:155)
	at org.apache.maven.surefire.testng.TestNGDirectoryTestSuite.executeMulti(TestNGDirectoryTestSuite.java:169)
	at org.apache.maven.surefire.testng.TestNGDirectoryTestSuite.execute(TestNGDirectoryTestSuite.java:88)
	at org.apache.maven.surefire.testng.TestNGProvider.invoke(TestNGProvider.java:137)
	at org.apache.maven.surefire.booter.ForkedBooter.runSuitesInProcess(ForkedBooter.java:385)
	at org.apache.maven.surefire.booter.ForkedBooter.execute(ForkedBooter.java:162)
	at org.apache.maven.surefire.booter.ForkedBooter.run(ForkedBooter.java:507)
	at org.apache.maven.surefire.booter.ForkedBooter.main(ForkedBooter.java:495)
Caused by: com.microsoft.playwright.TimeoutError: Error {
  message='Timeout 30000ms exceeded.
  name='TimeoutError
  stack='TimeoutError: Timeout 30000ms exceeded.
    at ProgressController.run (/private/var/folders/r5/m0v18bws6nq20j1xkhvy8yh80000gn/T/playwright-java-12790374809849998463/package/lib/server/progress.js:75:26)
    at Frame.click (/private/var/folders/r5/m0v18bws6nq20j1xkhvy8yh80000gn/T/playwright-java-12790374809849998463/package/lib/server/frames.js:1022:23)
    at FrameDispatcher.click (/private/var/folders/r5/m0v18bws6nq20j1xkhvy8yh80000gn/T/playwright-java-12790374809849998463/package/lib/server/dispatchers/frameDispatcher.js:157:30)
    at FrameDispatcher._handleCommand (/private/var/folders/r5/m0v18bws6nq20j1xkhvy8yh80000gn/T/playwright-java-12790374809849998463/package/lib/server/dispatchers/dispatcher.js:96:40)
    at DispatcherConnection.dispatch (/private/var/folders/r5/m0v18bws6nq20j1xkhvy8yh80000gn/T/playwright-java-12790374809849998463/package/lib/server/dispatchers/dispatcher.js:366:39)
}
Call log:
-   - waiting for locator("#login-button")

	at com.microsoft.playwright.impl.Connection.dispatch(Connection.java:254)
	at com.microsoft.playwright.impl.Connection.processOneMessage(Connection.java:211)
	at com.microsoft.playwright.impl.ChannelOwner.runUntil(ChannelOwner.java:130)
	... 44 more
]]></failure>
    <system-out><![CDATA[Screenshot saved: test-output/screenshots/testAddFirstProductToCart_PASSED_20250503_205039.png
20:50:39 [main] INFO  com.pwj.saucedemo.tests.AddToCartTest - Closing browser and Playwright context...
20:50:39 [main] INFO  com.pwj.saucedemo.tests.AddToCartTest - === Finished Test: AddToCartTest ===

20:50:39 [main] INFO  com.pwj.saucedemo.tests.Orderplaced_tests.PerformanceGlitchUserOrderTest - === Starting Test: PerformanceGlitchUserOrderTest ===
20:50:41 [main] INFO  com.pwj.saucedemo.tests.Orderplaced_tests.PerformanceGlitchUserOrderTest - Navigated to SauceDemo homepage.
20:50:41 [main] INFO  com.pwj.saucedemo.tests.Orderplaced_tests.PerformanceGlitchUserOrderTest - Starting regression test for performance_glitch_user
20:50:49 [main] WARN  com.pwj.saucedemo.tests.Orderplaced_tests.PerformanceGlitchUserOrderTest - First login click had no effect. Retrying...
]]></system-out>
  </testcase>
  <testcase name="testVisualUserOrderFlow" classname="com.pwj.saucedemo.tests.Orderplaced_tests.VisualUserOrderTest" time="0.436">
    <system-out><![CDATA[Screenshot saved: test-output/screenshots/testPerformanceGlitchUserOrderFlow_FAILED_20250503_205119.png
20:51:19 [main] INFO  com.pwj.saucedemo.tests.Orderplaced_tests.PerformanceGlitchUserOrderTest - Closing browser and Playwright context...
20:51:19 [main] INFO  com.pwj.saucedemo.tests.Orderplaced_tests.PerformanceGlitchUserOrderTest - === Finished Test: PerformanceGlitchUserOrderTest ===

20:51:19 [main] INFO  com.pwj.saucedemo.tests.Orderplaced_tests.VisualUserOrderTest - === Starting Test: VisualUserOrderTest ===
20:51:20 [main] INFO  com.pwj.saucedemo.tests.Orderplaced_tests.VisualUserOrderTest - Navigated to SauceDemo homepage.
20:51:20 [main] INFO  com.pwj.saucedemo.tests.Orderplaced_tests.VisualUserOrderTest - Starting regression test for visual_user
20:51:21 [main] INFO  com.pwj.saucedemo.tests.Orderplaced_tests.VisualUserOrderTest - Screenshot saved at: test-output/screenshots/visual_user_order_confirmation.png
]]></system-out>
  </testcase>
  <testcase name="testStandardUserOrderFlow" classname="com.pwj.saucedemo.tests.Orderplaced_tests.StandardUserOrderTest" time="0.422">
    <system-out><![CDATA[Screenshot saved: test-output/screenshots/testVisualUserOrderFlow_PASSED_20250503_205121.png
20:51:21 [main] INFO  com.pwj.saucedemo.tests.Orderplaced_tests.VisualUserOrderTest - Closing browser and Playwright context...
20:51:21 [main] INFO  com.pwj.saucedemo.tests.Orderplaced_tests.VisualUserOrderTest - === Finished Test: VisualUserOrderTest ===

20:51:21 [main] INFO  com.pwj.saucedemo.tests.Orderplaced_tests.StandardUserOrderTest - === Starting Test: StandardUserOrderTest ===
20:51:22 [main] INFO  com.pwj.saucedemo.tests.Orderplaced_tests.StandardUserOrderTest - Navigated to SauceDemo homepage.
20:51:22 [main] INFO  com.pwj.saucedemo.tests.Orderplaced_tests.StandardUserOrderTest - Starting regression test for standard_user
20:51:23 [main] INFO  com.pwj.saucedemo.tests.Orderplaced_tests.StandardUserOrderTest - Screenshot saved at: test-output/screenshots/standard_user_order_confirmation.png
]]></system-out>
  </testcase>
  <testcase name="testProblemUserOrderFlow" classname="com.pwj.saucedemo.tests.Orderplaced_tests.ProblemUserOrderTest" time="0.261">
    <failure message="Summary should be visible expected [true] but found [false]" type="java.lang.AssertionError"><![CDATA[java.lang.AssertionError: Summary should be visible expected [true] but found [false]
	at org.testng.Assert.fail(Assert.java:111)
	at org.testng.Assert.failNotEquals(Assert.java:1590)
	at org.testng.Assert.assertTrue(Assert.java:57)
	at com.pwj.saucedemo.tests.Orderplaced_tests.ProblemUserOrderTest.testProblemUserOrderFlow(ProblemUserOrderTest.java:49)
	at java.base/jdk.internal.reflect.DirectMethodHandleAccessor.invoke(DirectMethodHandleAccessor.java:103)
	at java.base/java.lang.reflect.Method.invoke(Method.java:580)
	at org.testng.internal.invokers.MethodInvocationHelper.invokeMethod(MethodInvocationHelper.java:141)
	at org.testng.internal.invokers.TestInvoker.invokeMethod(TestInvoker.java:687)
	at org.testng.internal.invokers.TestInvoker.invokeTestMethod(TestInvoker.java:230)
	at org.testng.internal.invokers.MethodRunner.runInSequence(MethodRunner.java:63)
	at org.testng.internal.invokers.TestInvoker$MethodInvocationAgent.invoke(TestInvoker.java:995)
	at org.testng.internal.invokers.TestInvoker.invokeTestMethods(TestInvoker.java:203)
	at org.testng.internal.invokers.TestMethodWorker.invokeTestMethods(TestMethodWorker.java:154)
	at org.testng.internal.invokers.TestMethodWorker.run(TestMethodWorker.java:134)
	at java.base/java.util.ArrayList.forEach(ArrayList.java:1597)
	at org.testng.TestRunner.privateRun(TestRunner.java:741)
	at org.testng.TestRunner.run(TestRunner.java:616)
	at org.testng.SuiteRunner.runTest(SuiteRunner.java:421)
	at org.testng.SuiteRunner.runSequentially(SuiteRunner.java:413)
	at org.testng.SuiteRunner.privateRun(SuiteRunner.java:373)
	at org.testng.SuiteRunner.run(SuiteRunner.java:312)
	at org.testng.SuiteRunnerWorker.runSuite(SuiteRunnerWorker.java:52)
	at org.testng.SuiteRunnerWorker.run(SuiteRunnerWorker.java:95)
	at org.testng.TestNG.runSuitesSequentially(TestNG.java:1274)
	at org.testng.TestNG.runSuitesLocally(TestNG.java:1208)
	at org.testng.TestNG.runSuites(TestNG.java:1112)
	at org.testng.TestNG.run(TestNG.java:1079)
	at org.apache.maven.surefire.testng.TestNGExecutor.run(TestNGExecutor.java:155)
	at org.apache.maven.surefire.testng.TestNGDirectoryTestSuite.executeMulti(TestNGDirectoryTestSuite.java:169)
	at org.apache.maven.surefire.testng.TestNGDirectoryTestSuite.execute(TestNGDirectoryTestSuite.java:88)
	at org.apache.maven.surefire.testng.TestNGProvider.invoke(TestNGProvider.java:137)
	at org.apache.maven.surefire.booter.ForkedBooter.runSuitesInProcess(ForkedBooter.java:385)
	at org.apache.maven.surefire.booter.ForkedBooter.execute(ForkedBooter.java:162)
	at org.apache.maven.surefire.booter.ForkedBooter.run(ForkedBooter.java:507)
	at org.apache.maven.surefire.booter.ForkedBooter.main(ForkedBooter.java:495)
]]></failure>
    <system-out><![CDATA[Screenshot saved: test-output/screenshots/testStandardUserOrderFlow_PASSED_20250503_205123.png
20:51:23 [main] INFO  com.pwj.saucedemo.tests.Orderplaced_tests.StandardUserOrderTest - Closing browser and Playwright context...
20:51:23 [main] INFO  com.pwj.saucedemo.tests.Orderplaced_tests.StandardUserOrderTest - === Finished Test: StandardUserOrderTest ===

20:51:23 [main] INFO  com.pwj.saucedemo.tests.Orderplaced_tests.ProblemUserOrderTest - === Starting Test: ProblemUserOrderTest ===
20:51:24 [main] INFO  com.pwj.saucedemo.tests.Orderplaced_tests.ProblemUserOrderTest - Navigated to SauceDemo homepage.
20:51:24 [main] INFO  com.pwj.saucedemo.tests.Orderplaced_tests.ProblemUserOrderTest - Starting regression test for problem_user
20:51:24 [main] INFO  com.pwj.saucedemo.tests.Orderplaced_tests.ProblemUserOrderTest - Item found in cart: Sauce Labs Bike Light
]]></system-out>
  </testcase>
  <testcase name="testInvalidLoginShowsErrorMessage" classname="com.pwj.saucedemo.tests.SauceDemoInvalidLoginTest" time="0.065">
    <system-out><![CDATA[Screenshot saved: test-output/screenshots/testProblemUserOrderFlow_FAILED_20250503_205124.png
20:51:24 [main] INFO  com.pwj.saucedemo.tests.Orderplaced_tests.ProblemUserOrderTest - Closing browser and Playwright context...
20:51:25 [main] INFO  com.pwj.saucedemo.tests.Orderplaced_tests.ProblemUserOrderTest - === Finished Test: ProblemUserOrderTest ===

20:51:25 [main] INFO  com.pwj.saucedemo.tests.SauceDemoInvalidLoginTest - === Starting Test: SauceDemoInvalidLoginTest ===
20:51:26 [main] INFO  com.pwj.saucedemo.tests.SauceDemoInvalidLoginTest - Navigated to SauceDemo homepage.
]]></system-out>
  </testcase>
</testsuite>